<?xml version="1.0" encoding="UTF-8"?>
<!-- Generated by org.testng.reporters.JUnitReportReporter -->
<testsuite skipped="0" hostname="DESKTOP-H5NORMI" name="com.dm.bdd.common.runner_files.Web_Runner" tests="6" failures="0" timestamp="2020-12-03T11:19:32 IST" time="221.499" errors="0">
  <testcase name="scenario" time="69.791" classname="com.dm.bdd.common.runner_files.Web_Runner"/>
  <system-out/>
  <testcase name="scenario" time="21.489" classname="com.dm.bdd.common.runner_files.Web_Runner"/>
  <system-out/>
  <testcase name="scenario" time="21.259" classname="com.dm.bdd.common.runner_files.Web_Runner"/>
  <system-out/>
  <testcase name="scenario" time="57.313" classname="com.dm.bdd.common.runner_files.Web_Runner"/>
  <system-out/>
  <testcase name="scenario" time="30.715" classname="com.dm.bdd.common.runner_files.Web_Runner"/>
  <system-out/>
  <testcase name="scenario" time="20.932" classname="com.dm.bdd.common.runner_files.Web_Runner"/>
  <system-out/>
</testsuite> <!-- com.dm.bdd.common.runner_files.Web_Runner -->
