<?xml version="1.0" encoding="UTF-8"?>
<!-- Generated by org.testng.reporters.JUnitReportReporter -->
<testsuite skipped="0" hostname="LAPTOP-CKOV7N0K" name="com.dc.bdd.common.runner_files.API_Runner" tests="1" failures="0" timestamp="25 Nov 2020 10:52:18 GMT" time="20.530" errors="0">
  <testcase name="scenario" time="20.530" classname="com.dc.bdd.common.runner_files.API_Runner"/>
</testsuite> <!-- com.dc.bdd.common.runner_files.API_Runner -->
